Reading netlist file: "/home/uriel/DSD/DSDZZZ/practica4/impl/gwsynthesis/practica4.vg"
Parsing netlist file "/home/uriel/DSD/DSDZZZ/practica4/impl/gwsynthesis/practica4.vg" completed
Processing netlist completed
Running placement......
[10%] Placement Phase 0 completed
[20%] Placement Phase 1 completed
[30%] Placement Phase 2 completed
WARN  (TA1132) :  'CLK' was determined to be a clock but was not created.
[50%] Placement Phase 3 completed
Running routing......
[60%] Routing Phase 0 completed
[70%] Routing Phase 1 completed
[80%] Routing Phase 2 completed
[90%] Routing Phase 3 completed
Running timing analysis......
[95%] Timing analysis completed
Placement and routing completed
Bitstream generation in progress......
Bitstream generation completed
Running power analysis......
[100%] Power analysis completed
Generate file "/home/uriel/DSD/DSDZZZ/practica4/impl/pnr/practica4.power.html" completed
Generate file "/home/uriel/DSD/DSDZZZ/practica4/impl/pnr/practica4.pin.html" completed
Generate file "/home/uriel/DSD/DSDZZZ/practica4/impl/pnr/practica4.rpt.html" completed
Generate file "/home/uriel/DSD/DSDZZZ/practica4/impl/pnr/practica4.rpt.txt" completed
Generate file "/home/uriel/DSD/DSDZZZ/practica4/impl/pnr/practica4.tr.html" completed
Fri Apr 11 07:45:49 2025

