
     | | | | | | |
   _________________
  -|               |-
  -|               |-
  -|               |-
  -|    CYPRESS    |-
  -|               |-
  -|               |-   Warp VHDL Synthesis Compiler: Version 6.3 IR 35
  -|               |-   Copyright (C) 1991-2001 Cypress Semiconductor
   |_______________|
     | | | | | | |

======================================================================
Compiling:  dis_if.vhd
Options:    -m -yu -e10 -w100 -o2 -ygs -fP -v10 -dc22v10 -ppalce22v10-25pc/pi -b dis_if.vhd -u dis_if.hie
======================================================================

vhdlfe V6.3 IR 35:  VHDL parser
Mon Nov 11 10:37:00 2024

Library 'work' => directory 'lc22v10'
Linking 'C:\Program Files (x86)\Cypress\Warp\bin\std.vhd'.
Linking 'C:\Program Files (x86)\Cypress\Warp\lib\common\cypress.vhd'.
Linking 'C:\Program Files (x86)\Cypress\Warp\lib\common\work\cypress.vif'.
Library 'ieee' => directory 'C:\Program Files (x86)\Cypress\Warp\lib\ieee\work'
Linking 'C:\Program Files (x86)\Cypress\Warp\lib\ieee\work\stdlogic.vif'.

vhdlfe:  No errors.


tovif V6.3 IR 35:  High-level synthesis
Mon Nov 11 10:37:00 2024

Linking 'C:\Program Files (x86)\Cypress\Warp\bin\std.vhd'.
Linking 'C:\Program Files (x86)\Cypress\Warp\lib\common\cypress.vhd'.
Linking 'C:\Program Files (x86)\Cypress\Warp\lib\common\work\cypress.vif'.
Linking 'C:\Program Files (x86)\Cypress\Warp\lib\ieee\work\stdlogic.vif'.

tovif:  No errors.


topld V6.3 IR 35:  Synthesis and optimization
Mon Nov 11 10:37:00 2024

Linking 'C:\Program Files (x86)\Cypress\Warp\bin\std.vhd'.
Linking 'C:\Program Files (x86)\Cypress\Warp\lib\common\cypress.vhd'.
Linking 'C:\Program Files (x86)\Cypress\Warp\lib\common\work\cypress.vif'.
Linking 'C:\Program Files (x86)\Cypress\Warp\lib\ieee\work\stdlogic.vif'.

----------------------------------------------------------
Detecting unused logic.
----------------------------------------------------------



------------------------------------------------------
Alias Detection
------------------------------------------------------

------------------------------------------------------
Aliased 0 equations, 0 wires.
------------------------------------------------------

----------------------------------------------------------
Circuit simplification
----------------------------------------------------------

----------------------------------------------------------
Circuit simplification results:

	Expanded 0 signals.
	Turned 0 signals into soft nodes.
	Maximum default expansion cost was set at 10.
----------------------------------------------------------
Created 12 PLD nodes.

topld:  No errors.

----------------------------------------------------------------------------
PLD Optimizer Software:       DSGNOPT.EXE    31/03/2000  [v4.02 ] 6.3 IR 35

DESIGN HEADER INFORMATION  (10:37:01)

Input File(s): dis_if.pla
Device       : C22V10
Package      : palce22v10-25pc/pi
ReportFile   : dis_if.rpt

Program Controls:
    COMMAND LANGUAGE_VHDL 
    COMMAND PROPERTY BUS_HOLD ENABLE 

Signal Requests:
    GROUP USEPOL ALL
    GROUP FAST_SLEW ALL

Completed Successfully  
----------------------------------------------------------------------------
PLD Optimizer Software:       DSGNOPT.EXE    31/03/2000  [v4.02 ] 6.3 IR 35

OPTIMIZATION OPTIONS       (10:37:01)

Messages:
  Information: Optimizing logic using best output polarity for signals:
         dis(0) dis(1) dis(2) dis(3) dis(4) dis(5) dis(6)



Summary:
                 Error Count = 0      Warning Count = 0

Completed Successfully  
----------------------------------------------------------------------------
PLD Optimizer Software:       MINOPT.EXE     01/NOV/1999  [v4.02 ] 6.3 IR 35

LOGIC MINIMIZATION         ()

Messages:


Summary:
                 Error Count = 0      Warning Count = 0

Completed Successfully
----------------------------------------------------------------------------
PLD Optimizer Software:       DSGNOPT.EXE    31/03/2000  [v4.02 ] 6.3 IR 35

OPTIMIZATION OPTIONS       (10:37:01)

Messages:
  Information: Optimizing Banked Preset/Reset requirements.


Summary:
                 Error Count = 0      Warning Count = 0

Completed Successfully  
----------------------------------------------------------------------------
PLD Compiler Software:        PLA2JED.EXE    31/03/2000  [v4.02 ] 6.3 IR 35

<CYPRESSTAG name="Equations" icon=FILE_RPT_EQUATION>
DESIGN EQUATIONS           (10:37:01)
</CYPRESSTAG>

    /dis(0) =
          /e(0) * /e(1) * e(2) * e(3) * /e(4) 
        + e(0) * e(1) * e(2) * /e(3) 
        + /e(1) * /e(2) * /e(3) 

    dis(1) =
          /e(1) * /e(2) * e(3) 
        + /e(0) * e(2) * /e(3) 
        + /e(1) * e(2) * /e(3) 
        + /e(0) * /e(1) * /e(3) 
        + e(1) * e(3) * /e(4) 
        + /e(0) * /e(1) * /e(4) 

    dis(2) =
          e(1) * e(3) * /e(4) 
        + /e(0) * /e(1) * /e(2) 
        + /e(0) * e(1) * /e(3) 
        + e(2) * e(3) * /e(4) 

    /dis(3) =
          /e(0) * e(1) * /e(2) * e(3) 
        + /e(0) * /e(1) * e(2) * /e(3) 
        + e(0) * /e(1) * /e(2) * /e(3) 
        + e(2) * e(3) * e(4) 
        + e(1) * e(3) * e(4) 
        + e(0) * e(1) * e(2) 

    dis(4) =
          e(0) * /e(1) * /e(4) 
        + /e(2) * e(3) * /e(4) 
        + /e(1) * /e(2) 
        + e(2) * /e(3) 
        + e(0) * /e(3) 

    dis(5) =
          e(0) * /e(1) * e(3) * /e(4) 
        + e(0) * e(1) * /e(3) 
        + /e(0) * /e(1) * /e(3) 
        + /e(0) * /e(2) * /e(4) 
        + /e(1) * /e(2) 
        + /e(2) * /e(3) 

    dis(6) =
          /e(1) * /e(2) * e(3) 
        + e(0) * e(2) * /e(3) 
        + /e(0) * /e(2) * /e(3) 
        + e(1) * e(2) * /e(4) 
        + /e(0) * e(3) * /e(4) 
        + e(1) * /e(3) 


Completed Successfully  
----------------------------------------------------------------------------
PLD Compiler Software:        PLA2JED.EXE    31/03/2000  [v4.02 ] 6.3 IR 35

DESIGN RULE CHECK          (10:37:01)

Messages:
                 None.


Summary:
                 Error Count = 0      Warning Count = 0

Completed Successfully  
----------------------------------------------------------------------------
PLD Compiler Software:        PLA2JED.EXE    31/03/2000  [v4.02 ] 6.3 IR 35

<CYPRESSTAG name="Pinout" icon=FILE_RPT_PINOUT>
PINOUT INFORMATION   (10:37:01)
</CYPRESSTAG>
Messages:
  Information: All signals pre-placed in user design.


                                 C22V10
                 __________________________________________
           e(0) =| 1|                                  |24|* not used       
           e(1) =| 2|                                  |23|* not used       
           e(2) =| 3|                                  |22|* not used       
           e(3) =| 4|                                  |21|* not used       
           e(4) =| 5|                                  |20|= dis(0)         
       not used *| 6|                                  |19|= dis(1)         
       not used *| 7|                                  |18|= dis(2)         
       not used *| 8|                                  |17|= dis(3)         
       not used *| 9|                                  |16|= dis(4)         
       not used *|10|                                  |15|= dis(5)         
       not used *|11|                                  |14|= dis(6)         
       not used *|12|                                  |13|* not used       
                 __________________________________________


Summary:
                 Error Count = 0      Warning Count = 0

Completed Successfully  
  Information: Checking for duplicate NODE logic.
----------------------------------------------------------------------------
PLD Compiler Software:        PLA2JED.EXE    31/03/2000  [v4.02 ] 6.3 IR 35

<CYPRESSTAG name="Utilization" icon=FILE_RPT_UTILIZATION>
RESOURCE UTILIZATION (10:37:01)
</CYPRESSTAG>
  Information: Macrocell Utilization.

                     Description        Used     Max
                 ______________________________________
                 | Dedicated Inputs   |    4  |   11  |
                 | Clock/Inputs       |    1  |    1  |
                 | I/O Macrocells     |    7  |   10  |
                 ______________________________________
                                          12  /   22   = 54  %


  Information: Output Logic Product Term Utilization.

                  Node#  Output Signal Name  Used   Max
                 ________________________________________
                 | 14  |  dis(6)          |   6  |   8  |
                 | 15  |  dis(5)          |   6  |  10  |
                 | 16  |  dis(4)          |   5  |  12  |
                 | 17  |  dis(3)          |   6  |  14  |
                 | 18  |  dis(2)          |   4  |  16  |
                 | 19  |  dis(1)          |   6  |  16  |
                 | 20  |  dis(0)          |   3  |  14  |
                 | 21  |  Unused          |   0  |  12  |
                 | 22  |  Unused          |   0  |  10  |
                 | 23  |  Unused          |   0  |   8  |
                 | 25  |  Unused          |   0  |   1  |
                 ________________________________________
                                             36  / 121   = 29  %


Completed Successfully  
----------------------------------------------------------------------------
PLD Compiler Software:        PLA2JED.EXE    31/03/2000  [v4.02 ] 6.3 IR 35

JEDEC ASSEMBLE             (10:37:01)

Messages:
  Information: Output file 'dis_if.pin' created.
  Information: Output file 'dis_if.jed' created.

  Usercode:    
  Checksum:    E760



Summary:
                 Error Count = 0      Warning Count = 0

Completed Successfully at 10:37:01
