Reading netlist file: "/home/uriel/dsd/DSDZZZ/practica7/practica7/impl/gwsynthesis/practica7.vg"
Parsing netlist file "/home/uriel/dsd/DSDZZZ/practica7/practica7/impl/gwsynthesis/practica7.vg" completed
Processing netlist completed
Running placement......
[10%] Placement Phase 0 completed
[20%] Placement Phase 1 completed
[30%] Placement Phase 2 completed
WARN  (TA1132) :  'CLK' was determined to be a clock but was not created.
WARN  (TA1132) :  'CLKOUT_d' was determined to be a clock but was not created.
[50%] Placement Phase 3 completed
Running routing......
[60%] Routing Phase 0 completed
[70%] Routing Phase 1 completed
[80%] Routing Phase 2 completed
[90%] Routing Phase 3 completed
Running timing analysis......
[95%] Timing analysis completed
Placement and routing completed
Bitstream generation in progress......
Bitstream generation completed
Running power analysis......
[100%] Power analysis completed
Generate file "/home/uriel/dsd/DSDZZZ/practica7/practica7/impl/pnr/practica7.power.html" completed
Generate file "/home/uriel/dsd/DSDZZZ/practica7/practica7/impl/pnr/practica7.pin.html" completed
Generate file "/home/uriel/dsd/DSDZZZ/practica7/practica7/impl/pnr/practica7.rpt.html" completed
Generate file "/home/uriel/dsd/DSDZZZ/practica7/practica7/impl/pnr/practica7.rpt.txt" completed
Generate file "/home/uriel/dsd/DSDZZZ/practica7/practica7/impl/pnr/practica7.tr.html" completed
Thu May  8 15:59:51 2025

