Reading netlist file: "/home/uriel/dsd/DSDZZZ/examen/examen/impl/gwsynthesis/examen.vg"
Parsing netlist file "/home/uriel/dsd/DSDZZZ/examen/examen/impl/gwsynthesis/examen.vg" completed
Processing netlist completed
Reading constraint file: "/home/uriel/dsd/DSDZZZ/examen/examen/src/examen.cst"
Physical Constraint parsed completed
Running placement......
[10%] Placement Phase 0 completed
[20%] Placement Phase 1 completed
[30%] Placement Phase 2 completed
WARN  (TA1132) :  'clk' was determined to be a clock but was not created.
WARN  (TA1132) :  'div_clk' was determined to be a clock but was not created.
[50%] Placement Phase 3 completed
Running routing......
[60%] Routing Phase 0 completed
[70%] Routing Phase 1 completed
[80%] Routing Phase 2 completed
[90%] Routing Phase 3 completed
Running timing analysis......
[95%] Timing analysis completed
Placement and routing completed
Bitstream generation in progress......
Bitstream generation completed
Running power analysis......
[100%] Power analysis completed
Generate file "/home/uriel/dsd/DSDZZZ/examen/examen/impl/pnr/examen.power.html" completed
Generate file "/home/uriel/dsd/DSDZZZ/examen/examen/impl/pnr/examen.pin.html" completed
Generate file "/home/uriel/dsd/DSDZZZ/examen/examen/impl/pnr/examen.rpt.html" completed
Generate file "/home/uriel/dsd/DSDZZZ/examen/examen/impl/pnr/examen.rpt.txt" completed
Generate file "/home/uriel/dsd/DSDZZZ/examen/examen/impl/pnr/examen.tr.html" completed
Sun Jun 22 09:45:20 2025

